-------------------------------------------------------------------------------
Test set: test.TestCountEqual
-------------------------------------------------------------------------------
Tests run: 11, Failures: 11, Errors: 0, Skipped: 0, Time elapsed: 0.045 sec <<< FAILURE!
test.TestCountEqual.testCountEqualsTotal1000000_120_10L()  Time elapsed: 0.023 sec  <<< FAILURE!
java.lang.NoClassDefFoundError: org/junit/Assert
	at test.TestCountEqual.testCountEqualsTotal1000000_120_10L(TestCountEqual.java:21)
Caused by: java.lang.ClassNotFoundException: org.junit.Assert
	at java.net.URLClassLoader.findClass(URLClassLoader.java:381)
	at java.lang.ClassLoader.loadClass(ClassLoader.java:424)
	at sun.misc.Launcher$AppClassLoader.loadClass(Launcher.java:335)
	at java.lang.ClassLoader.loadClass(ClassLoader.java:357)
	... 19 more

test.TestCountEqual.testCountEqualsTotal1000000_120_1()  Time elapsed: 0.005 sec  <<< FAILURE!
java.lang.NoClassDefFoundError: org/junit/Assert
	at test.TestCountEqual.testCountEqualsTotal1000000_120_1(TestCountEqual.java:83)

test.TestCountEqual.testCountEqualsTotal1000000_120_10()  Time elapsed: 0.012 sec  <<< FAILURE!
java.lang.NoClassDefFoundError: org/junit/Assert
	at test.TestCountEqual.testCountEqualsTotal1000000_120_10(TestCountEqual.java:95)

test.TestCountEqual.testCountEqualsTotal500_1_1()  Time elapsed: 0 sec  <<< FAILURE!
java.lang.NoClassDefFoundError: org/junit/Assert
	at test.TestCountEqual.testCountEqualsTotal500_1_1(TestCountEqual.java:107)

test.TestCountEqual.testCountEqualsTotal500_12_10L()  Time elapsed: 0 sec  <<< FAILURE!
java.lang.NoClassDefFoundError: org/junit/Assert
	at test.TestCountEqual.testCountEqualsTotal500_12_10L(TestCountEqual.java:46)

test.TestCountEqual.testCountEqualsTotal500_12_50L()  Time elapsed: 0 sec  <<< FAILURE!
java.lang.NoClassDefFoundError: org/junit/Assert
	at test.TestCountEqual.testCountEqualsTotal500_12_50L(TestCountEqual.java:58)

test.TestCountEqual.testCountEqualsTotal1000000_12_6()  Time elapsed: 0 sec  <<< FAILURE!
java.lang.NoClassDefFoundError: org/junit/Assert
	at test.TestCountEqual.testCountEqualsTotal1000000_12_6(TestCountEqual.java:70)

test.TestCountEqual.testCountEqualsTotal500_12_1()  Time elapsed: 0.001 sec  <<< FAILURE!
java.lang.NoClassDefFoundError: org/junit/Assert
	at test.TestCountEqual.testCountEqualsTotal500_12_1(TestCountEqual.java:120)

test.TestCountEqual.testCountEqualsTotal500_12_10()  Time elapsed: 0.001 sec  <<< FAILURE!
java.lang.NoClassDefFoundError: org/junit/Assert
	at test.TestCountEqual.testCountEqualsTotal500_12_10(TestCountEqual.java:132)

test.TestCountEqual.testCountEqualsTotal500_12_50()  Time elapsed: 0.001 sec  <<< FAILURE!
java.lang.NoClassDefFoundError: org/junit/Assert
	at test.TestCountEqual.testCountEqualsTotal500_12_50(TestCountEqual.java:144)

test.TestCountEqual.testCountEqualsTotal1000000_12_6L()  Time elapsed: 0.001 sec  <<< FAILURE!
java.lang.NoClassDefFoundError: org/junit/Assert
	at test.TestCountEqual.testCountEqualsTotal1000000_12_6L(TestCountEqual.java:33)

