<?xml version="1.0" encoding="UTF-8" ?>
<testsuite tests="11" failures="11" name="test.TestCountEqual" time="0.044" errors="0" skipped="0">
  <properties>
[...]
</properties>
  <testcase classname="test.TestCountEqual" name="test.TestCountEqual.testCountEqualsTotal1000000_120_10L" time="0.023">
    <failure message="org/junit/Assert" type="java.lang.NoClassDefFoundError">java.lang.NoClassDefFoundError: org/junit/Assert
	at test.TestCountEqual.testCountEqualsTotal1000000_120_10L(TestCountEqual.java:21)
Caused by: java.lang.ClassNotFoundException: org.junit.Assert
	at java.net.URLClassLoader.findClass(URLClassLoader.java:381)
	at java.lang.ClassLoader.loadClass(ClassLoader.java:424)
	at sun.misc.Launcher$AppClassLoader.loadClass(Launcher.java:335)
	at java.lang.ClassLoader.loadClass(ClassLoader.java:357)
	... 19 more
</failure>
  </testcase>
  <testcase classname="test.TestCountEqual" name="test.TestCountEqual.testCountEqualsTotal1000000_120_1" time="0.005">
    <failure message="org/junit/Assert" type="java.lang.NoClassDefFoundError">java.lang.NoClassDefFoundError: org/junit/Assert
	at test.TestCountEqual.testCountEqualsTotal1000000_120_1(TestCountEqual.java:83)
</failure>
  </testcase>
  <testcase classname="test.TestCountEqual" name="test.TestCountEqual.testCountEqualsTotal1000000_120_10" time="0.012">
    <failure message="org/junit/Assert" type="java.lang.NoClassDefFoundError">java.lang.NoClassDefFoundError: org/junit/Assert
	at test.TestCountEqual.testCountEqualsTotal1000000_120_10(TestCountEqual.java:95)
</failure>
  </testcase>
  <testcase classname="test.TestCountEqual" name="test.TestCountEqual.testCountEqualsTotal500_1_1" time="0">
    <failure message="org/junit/Assert" type="java.lang.NoClassDefFoundError">java.lang.NoClassDefFoundError: org/junit/Assert
	at test.TestCountEqual.testCountEqualsTotal500_1_1(TestCountEqual.java:107)
</failure>
  </testcase>
  <testcase classname="test.TestCountEqual" name="test.TestCountEqual.testCountEqualsTotal500_12_10L" time="0">
    <failure message="org/junit/Assert" type="java.lang.NoClassDefFoundError">java.lang.NoClassDefFoundError: org/junit/Assert
	at test.TestCountEqual.testCountEqualsTotal500_12_10L(TestCountEqual.java:46)
</failure>
  </testcase>
  <testcase classname="test.TestCountEqual" name="test.TestCountEqual.testCountEqualsTotal500_12_50L" time="0">
    <failure message="org/junit/Assert" type="java.lang.NoClassDefFoundError">java.lang.NoClassDefFoundError: org/junit/Assert
	at test.TestCountEqual.testCountEqualsTotal500_12_50L(TestCountEqual.java:58)
</failure>
  </testcase>
  <testcase classname="test.TestCountEqual" name="test.TestCountEqual.testCountEqualsTotal1000000_12_6" time="0">
    <failure message="org/junit/Assert" type="java.lang.NoClassDefFoundError">java.lang.NoClassDefFoundError: org/junit/Assert
	at test.TestCountEqual.testCountEqualsTotal1000000_12_6(TestCountEqual.java:70)
</failure>
  </testcase>
  <testcase classname="test.TestCountEqual" name="test.TestCountEqual.testCountEqualsTotal500_12_1" time="0.001">
    <failure message="org/junit/Assert" type="java.lang.NoClassDefFoundError">java.lang.NoClassDefFoundError: org/junit/Assert
	at test.TestCountEqual.testCountEqualsTotal500_12_1(TestCountEqual.java:120)
</failure>
  </testcase>
  <testcase classname="test.TestCountEqual" name="test.TestCountEqual.testCountEqualsTotal500_12_10" time="0.001">
    <failure message="org/junit/Assert" type="java.lang.NoClassDefFoundError">java.lang.NoClassDefFoundError: org/junit/Assert
	at test.TestCountEqual.testCountEqualsTotal500_12_10(TestCountEqual.java:132)
</failure>
  </testcase>
  <testcase classname="test.TestCountEqual" name="test.TestCountEqual.testCountEqualsTotal500_12_50" time="0.001">
    <failure message="org/junit/Assert" type="java.lang.NoClassDefFoundError">java.lang.NoClassDefFoundError: org/junit/Assert
	at test.TestCountEqual.testCountEqualsTotal500_12_50(TestCountEqual.java:144)
</failure>
  </testcase>
  <testcase classname="test.TestCountEqual" name="test.TestCountEqual.testCountEqualsTotal1000000_12_6L" time="0.001">
    <failure message="org/junit/Assert" type="java.lang.NoClassDefFoundError">java.lang.NoClassDefFoundError: org/junit/Assert
	at test.TestCountEqual.testCountEqualsTotal1000000_12_6L(TestCountEqual.java:33)
</failure>
  </testcase>
</testsuite>